{"tick":0,"timestamp":1775576166952,"actorId":"player-1","category":"action","type":"MOVE","result":"success","payload":{"actorId":"player-1","action":{"type":"MOVE","dx":1,"dy":0}}}
{"tick":0,"timestamp":1775576166952,"actorId":"_IOEnQbM4","category":"edit","type":"PLACE_STRUCTURE","result":"success","payload":{"type":"PLACE_STRUCTURE","structureType":"bed","x":7,"y":7,"width":1,"height":1}}
{"tick":109,"timestamp":1775576243136,"actorId":"AOO5DZHeH","category":"edit","type":"PLACE_STRUCTURE","result":"success","payload":{"type":"PLACE_STRUCTURE","structureType":"chest","x":6,"y":6,"width":1,"height":1}}
{"tick":128,"timestamp":1775576245110,"actorId":"AOO5DZHeH","category":"edit","type":"PLACE_STRUCTURE","result":"success","payload":{"type":"PLACE_STRUCTURE","structureType":"chest","x":6,"y":6,"width":1,"height":1}}
{"tick":139,"timestamp":1775576246283,"actorId":"player-1","category":"action","type":"ATTACK","result":"failed","reason":"target_too_far","payload":{"actorId":"player-1","action":{"type":"ATTACK","targetId":"npc-1"}}}
{"tick":142,"timestamp":1775576246692,"actorId":"player-1","category":"action","type":"SPEAK","result":"success","payload":{"actorId":"player-1","action":{"type":"SPEAK","message":"hello world"}}}
{"tick":145,"timestamp":1775576246990,"actorId":"player-1","category":"action","type":"USE","result":"success","payload":{"actorId":"player-1","action":{"type":"USE"}}}
{"tick":168,"timestamp":1775576249432,"actorId":"player-1","category":"action","type":"USE","result":"success","payload":{"actorId":"player-1","action":{"type":"USE"}}}
{"tick":23,"timestamp":1775576485418,"actorId":"player-1","category":"action","type":"USE","result":"success","payload":{"actorId":"player-1","action":{"type":"USE"}}}
{"tick":31,"timestamp":1775576486278,"actorId":"rH6cHaOZZ","category":"edit","type":"PLACE_STRUCTURE","result":"success","payload":{"type":"PLACE_STRUCTURE","structureType":"chest","x":6,"y":6,"width":1,"height":1}}
{"tick":37,"timestamp":1775576486876,"actorId":"player-1","category":"action","type":"SPEAK","result":"success","payload":{"actorId":"player-1","action":{"type":"SPEAK","message":"hello world"}}}
{"tick":41,"timestamp":1775576487283,"actorId":"player-1","category":"action","type":"ATTACK","result":"failed","reason":"target_too_far","payload":{"actorId":"player-1","action":{"type":"ATTACK","targetId":"npc-1"}}}
{"tick":44,"timestamp":1775576487599,"actorId":"player-1","category":"action","type":"ATTACK","result":"failed","reason":"target_too_far","payload":{"actorId":"player-1","action":{"type":"ATTACK","targetId":"npc-1"}}}
{"tick":1211,"timestamp":1775576613167,"actorId":"player-1","category":"action","type":"USE","result":"success","payload":{"actorId":"player-1","action":{"type":"USE"}}}
{"tick":1215,"timestamp":1775576613553,"actorId":"player-1","category":"action","type":"SPEAK","result":"success","payload":{"actorId":"player-1","action":{"type":"SPEAK","message":"hello world"}}}
{"tick":1217,"timestamp":1775576613739,"actorId":"player-1","category":"action","type":"SPEAK","result":"success","payload":{"actorId":"player-1","action":{"type":"SPEAK","message":"hello world"}}}
{"tick":1218,"timestamp":1775576613867,"actorId":"player-1","category":"action","type":"SPEAK","result":"success","payload":{"actorId":"player-1","action":{"type":"SPEAK","message":"hello world"}}}
{"tick":1220,"timestamp":1775576614055,"actorId":"player-1","category":"action","type":"ATTACK","result":"failed","reason":"target_too_far","payload":{"actorId":"player-1","action":{"type":"ATTACK","targetId":"npc-1"}}}
{"tick":1222,"timestamp":1775576614267,"actorId":"m7b2YgQzo","category":"edit","type":"PLACE_STRUCTURE","result":"success","payload":{"type":"PLACE_STRUCTURE","structureType":"chest","x":6,"y":6,"width":1,"height":1}}
{"tick":1223,"timestamp":1775576614409,"actorId":"m7b2YgQzo","category":"edit","type":"PLACE_STRUCTURE","result":"success","payload":{"type":"PLACE_STRUCTURE","structureType":"chest","x":6,"y":6,"width":1,"height":1}}
{"tick":1226,"timestamp":1775576614693,"actorId":"m7b2YgQzo","category":"edit","type":"PLACE_STRUCTURE","result":"success","payload":{"type":"PLACE_STRUCTURE","structureType":"chest","x":6,"y":6,"width":1,"height":1}}
{"tick":1227,"timestamp":1775576614833,"actorId":"m7b2YgQzo","category":"edit","type":"PLACE_STRUCTURE","result":"success","payload":{"type":"PLACE_STRUCTURE","structureType":"chest","x":6,"y":6,"width":1,"height":1}}
{"tick":11603,"timestamp":1775579313533,"actorId":"player-1","category":"action","type":"USE","result":"failed","reason":"actor_not_found","payload":{"actorId":"player-1","action":{"type":"USE"}}}
{"tick":11612,"timestamp":1775579314410,"actorId":"player-1","category":"action","type":"SPEAK","result":"failed","reason":"actor_not_found","payload":{"actorId":"player-1","action":{"type":"SPEAK","message":"대화 테스트"}}}
{"tick":798,"timestamp":1775580615647,"actorId":"npc-1","category":"action","type":"SPEAK","result":"success","payload":{"actorId":"npc-1","action":{"type":"SPEAK","message":"안녕!"}}}
{"tick":807,"timestamp":1775580616630,"actorId":"npc-1","category":"action","type":"SPEAK","result":"success","payload":{"actorId":"npc-1","action":{"type":"SPEAK","message":"안녕!"}}}
{"tick":814,"timestamp":1775580617327,"actorId":"npc-1","category":"action","type":"USE","result":"success","payload":{"actorId":"npc-1","action":{"type":"USE"}}}
{"tick":823,"timestamp":1775580618180,"actorId":"npc-1","category":"action","type":"USE","result":"success","payload":{"actorId":"npc-1","action":{"type":"USE"}}}
{"tick":245,"timestamp":1775581787511,"actorId":"-bM4r69VP","category":"edit","type":"PLACE_TILE","result":"success","payload":{"type":"PLACE_TILE","layer":"terrain","x":0,"y":5,"tileId":4}}
{"tick":249,"timestamp":1775581787858,"actorId":"-bM4r69VP","category":"edit","type":"PLACE_TILE","result":"success","payload":{"type":"PLACE_TILE","layer":"terrain","x":0,"y":5,"tileId":4}}
{"tick":255,"timestamp":1775581788472,"actorId":"-bM4r69VP","category":"edit","type":"PLACE_TILE","result":"success","payload":{"type":"PLACE_TILE","layer":"terrain","x":1,"y":5,"tileId":4}}
{"tick":286,"timestamp":1775581791528,"actorId":"-bM4r69VP","category":"edit","type":"PLACE_TILE","result":"success","payload":{"type":"PLACE_TILE","layer":"terrain","x":0,"y":3,"tileId":6}}
{"tick":289,"timestamp":1775581791846,"actorId":"-bM4r69VP","category":"edit","type":"PLACE_TILE","result":"success","payload":{"type":"PLACE_TILE","layer":"terrain","x":0,"y":5,"tileId":6}}
{"tick":292,"timestamp":1775581792134,"actorId":"-bM4r69VP","category":"edit","type":"PLACE_TILE","result":"success","payload":{"type":"PLACE_TILE","layer":"terrain","x":2,"y":7,"tileId":6}}
{"tick":309,"timestamp":1775581793843,"actorId":"-bM4r69VP","category":"edit","type":"PLACE_TILE","result":"success","payload":{"type":"PLACE_TILE","layer":"terrain","x":1,"y":6,"tileId":235}}
{"tick":312,"timestamp":1775581794145,"actorId":"-bM4r69VP","category":"edit","type":"PLACE_TILE","result":"success","payload":{"type":"PLACE_TILE","layer":"terrain","x":4,"y":7,"tileId":235}}
{"tick":314,"timestamp":1775581803404,"actorId":"-bM4r69VP","category":"edit","type":"PLACE_TILE","result":"success","payload":{"type":"PLACE_TILE","layer":"terrain","x":4,"y":8,"tileId":235}}
{"tick":6803,"timestamp":1775582437461,"actorId":"nxP63Qrsy","category":"edit","type":"PLACE_TILE","result":"success","payload":{"type":"PLACE_TILE","layer":"terrain","x":4,"y":3,"tileId":4}}
{"tick":6812,"timestamp":1775582438382,"actorId":"nxP63Qrsy","category":"edit","type":"PLACE_TILE","result":"success","payload":{"type":"PLACE_TILE","layer":"terrain","x":4,"y":4,"tileId":4}}
{"tick":6825,"timestamp":1775582439638,"actorId":"nxP63Qrsy","category":"edit","type":"PLACE_TILE","result":"success","payload":{"type":"PLACE_TILE","layer":"terrain","x":11,"y":11,"tileId":4}}
{"tick":6827,"timestamp":1775582439875,"actorId":"nxP63Qrsy","category":"edit","type":"PLACE_TILE","result":"success","payload":{"type":"PLACE_TILE","layer":"terrain","x":15,"y":12,"tileId":4}}
{"tick":6828,"timestamp":1775582439946,"actorId":"nxP63Qrsy","category":"edit","type":"PLACE_TILE","result":"success","payload":{"type":"PLACE_TILE","layer":"terrain","x":15,"y":12,"tileId":4}}
{"tick":6828,"timestamp":1775582439962,"actorId":"nxP63Qrsy","category":"edit","type":"PLACE_TILE","result":"success","payload":{"type":"PLACE_TILE","layer":"terrain","x":16,"y":11,"tileId":4}}
{"tick":6828,"timestamp":1775582439980,"actorId":"nxP63Qrsy","category":"edit","type":"PLACE_TILE","result":"success","payload":{"type":"PLACE_TILE","layer":"terrain","x":16,"y":11,"tileId":4}}
{"tick":6829,"timestamp":1775582439996,"actorId":"nxP63Qrsy","category":"edit","type":"PLACE_TILE","result":"success","payload":{"type":"PLACE_TILE","layer":"terrain","x":17,"y":11,"tileId":4}}
{"tick":6829,"timestamp":1775582440012,"actorId":"nxP63Qrsy","category":"edit","type":"PLACE_TILE","result":"success","payload":{"type":"PLACE_TILE","layer":"terrain","x":18,"y":11,"tileId":4}}
{"tick":6829,"timestamp":1775582440028,"actorId":"nxP63Qrsy","category":"edit","type":"PLACE_TILE","result":"success","payload":{"type":"PLACE_TILE","layer":"terrain","x":19,"y":11,"tileId":4}}
{"tick":6829,"timestamp":1775582440046,"actorId":"nxP63Qrsy","category":"edit","type":"PLACE_TILE","result":"success","payload":{"type":"PLACE_TILE","layer":"terrain","x":20,"y":11,"tileId":4}}
{"tick":6829,"timestamp":1775582440062,"actorId":"nxP63Qrsy","category":"edit","type":"PLACE_TILE","result":"success","payload":{"type":"PLACE_TILE","layer":"terrain","x":20,"y":10,"tileId":4}}
{"tick":6829,"timestamp":1775582440079,"actorId":"nxP63Qrsy","category":"edit","type":"PLACE_TILE","result":"success","payload":{"type":"PLACE_TILE","layer":"terrain","x":20,"y":10,"tileId":4}}
{"tick":6830,"timestamp":1775582440095,"actorId":"nxP63Qrsy","category":"edit","type":"PLACE_TILE","result":"success","payload":{"type":"PLACE_TILE","layer":"terrain","x":20,"y":10,"tileId":4}}
{"tick":6830,"timestamp":1775582440112,"actorId":"nxP63Qrsy","category":"edit","type":"PLACE_TILE","result":"success","payload":{"type":"PLACE_TILE","layer":"terrain","x":20,"y":10,"tileId":4}}
{"tick":6830,"timestamp":1775582440129,"actorId":"nxP63Qrsy","category":"edit","type":"PLACE_TILE","result":"success","payload":{"type":"PLACE_TILE","layer":"terrain","x":20,"y":10,"tileId":4}}
{"tick":6830,"timestamp":1775582440145,"actorId":"nxP63Qrsy","category":"edit","type":"PLACE_TILE","result":"success","payload":{"type":"PLACE_TILE","layer":"terrain","x":20,"y":8,"tileId":4}}
{"tick":6830,"timestamp":1775582440162,"actorId":"nxP63Qrsy","category":"edit","type":"PLACE_TILE","result":"success","payload":{"type":"PLACE_TILE","layer":"terrain","x":19,"y":7,"tileId":4}}
{"tick":6830,"timestamp":1775582440179,"actorId":"nxP63Qrsy","category":"edit","type":"PLACE_TILE","result":"success","payload":{"type":"PLACE_TILE","layer":"terrain","x":18,"y":6,"tileId":4}}
{"tick":6831,"timestamp":1775582449220,"actorId":"nxP63Qrsy","category":"edit","type":"PLACE_TILE","result":"success","payload":{"type":"PLACE_TILE","layer":"terrain","x":17,"y":6,"tileId":4}}
{"tick":6831,"timestamp":1775582449238,"actorId":"nxP63Qrsy","category":"edit","type":"PLACE_TILE","result":"success","payload":{"type":"PLACE_TILE","layer":"terrain","x":16,"y":6,"tileId":4}}
{"tick":6831,"timestamp":1775582449254,"actorId":"nxP63Qrsy","category":"edit","type":"PLACE_TILE","result":"success","payload":{"type":"PLACE_TILE","layer":"terrain","x":15,"y":6,"tileId":4}}
{"tick":6831,"timestamp":1775582449271,"actorId":"nxP63Qrsy","category":"edit","type":"PLACE_TILE","result":"success","payload":{"type":"PLACE_TILE","layer":"terrain","x":14,"y":6,"tileId":4}}
{"tick":6831,"timestamp":1775582449287,"actorId":"nxP63Qrsy","category":"edit","type":"PLACE_TILE","result":"success","payload":{"type":"PLACE_TILE","layer":"terrain","x":13,"y":7,"tileId":4}}
{"tick":6831,"timestamp":1775582449304,"actorId":"nxP63Qrsy","category":"edit","type":"PLACE_TILE","result":"success","payload":{"type":"PLACE_TILE","layer":"terrain","x":11,"y":8,"tileId":4}}
{"tick":6832,"timestamp":1775582449320,"actorId":"nxP63Qrsy","category":"edit","type":"PLACE_TILE","result":"success","payload":{"type":"PLACE_TILE","layer":"terrain","x":10,"y":9,"tileId":4}}
{"tick":6832,"timestamp":1775582449337,"actorId":"nxP63Qrsy","category":"edit","type":"PLACE_TILE","result":"success","payload":{"type":"PLACE_TILE","layer":"terrain","x":9,"y":9,"tileId":4}}
{"tick":6832,"timestamp":1775582449354,"actorId":"nxP63Qrsy","category":"edit","type":"PLACE_TILE","result":"success","payload":{"type":"PLACE_TILE","layer":"terrain","x":9,"y":10,"tileId":4}}
{"tick":6832,"timestamp":1775582449371,"actorId":"nxP63Qrsy","category":"edit","type":"PLACE_TILE","result":"success","payload":{"type":"PLACE_TILE","layer":"terrain","x":9,"y":10,"tileId":4}}
{"tick":6832,"timestamp":1775582449387,"actorId":"nxP63Qrsy","category":"edit","type":"PLACE_TILE","result":"success","payload":{"type":"PLACE_TILE","layer":"terrain","x":8,"y":11,"tileId":4}}
{"tick":6832,"timestamp":1775582449404,"actorId":"nxP63Qrsy","category":"edit","type":"PLACE_TILE","result":"success","payload":{"type":"PLACE_TILE","layer":"terrain","x":8,"y":11,"tileId":4}}
{"tick":6833,"timestamp":1775582449420,"actorId":"nxP63Qrsy","category":"edit","type":"PLACE_TILE","result":"success","payload":{"type":"PLACE_TILE","layer":"terrain","x":8,"y":12,"tileId":4}}
{"tick":6849,"timestamp":1775582442022,"actorId":"nxP63Qrsy","category":"edit","type":"PLACE_TILE","result":"success","payload":{"type":"PLACE_TILE","layer":"terrain","x":9,"y":6,"tileId":37}}
{"tick":6868,"timestamp":1775582443929,"actorId":"nxP63Qrsy","category":"edit","type":"PLACE_TILE","result":"success","payload":{"type":"PLACE_TILE","layer":"terrain","x":9,"y":5,"tileId":29}}
{"tick":6899,"timestamp":1775582447048,"actorId":"nxP63Qrsy","category":"edit","type":"PLACE_TILE","result":"success","payload":{"type":"PLACE_TILE","layer":"terrain","x":7,"y":4,"tileId":12}}
{"tick":6904,"timestamp":1775582447524,"actorId":"nxP63Qrsy","category":"edit","type":"PLACE_TILE","result":"success","payload":{"type":"PLACE_TILE","layer":"terrain","x":8,"y":4,"tileId":12}}
{"tick":7717,"timestamp":1775582529091,"actorId":"npc-wo45od","category":"action","type":"SPEAK","result":"success","payload":{"actorId":"npc-wo45od","action":{"type":"SPEAK","message":"안녕!"}}}
{"tick":7724,"timestamp":1775582529810,"actorId":"npc-wo45od","category":"action","type":"USE","result":"success","payload":{"actorId":"npc-wo45od","action":{"type":"USE"}}}
{"tick":7730,"timestamp":1775582539437,"actorId":"npc-wo45od","category":"action","type":"USE","result":"success","payload":{"actorId":"npc-wo45od","action":{"type":"USE"}}}
{"tick":7735,"timestamp":1775582530899,"actorId":"npc-wo45od","category":"action","type":"USE","result":"success","payload":{"actorId":"npc-wo45od","action":{"type":"USE"}}}
{"tick":7741,"timestamp":1775582531531,"actorId":"npc-wo45od","category":"action","type":"USE","result":"success","payload":{"actorId":"npc-wo45od","action":{"type":"USE"}}}
{"tick":7745,"timestamp":1775582531936,"actorId":"npc-wo45od","category":"action","type":"USE","result":"success","payload":{"actorId":"npc-wo45od","action":{"type":"USE"}}}
{"tick":7754,"timestamp":1775582532817,"actorId":"npc-wo45od","category":"action","type":"USE","result":"success","payload":{"actorId":"npc-wo45od","action":{"type":"USE"}}}
{"tick":7759,"timestamp":1775582533250,"actorId":"npc-wo45od","category":"action","type":"USE","result":"success","payload":{"actorId":"npc-wo45od","action":{"type":"USE"}}}
{"tick":7764,"timestamp":1775582533834,"actorId":"npc-wo45od","category":"action","type":"USE","result":"success","payload":{"actorId":"npc-wo45od","action":{"type":"USE"}}}
{"tick":7767,"timestamp":1775582534075,"actorId":"npc-wo45od","category":"action","type":"USE","result":"success","payload":{"actorId":"npc-wo45od","action":{"type":"USE"}}}
{"tick":7769,"timestamp":1775582534259,"actorId":"npc-wo45od","category":"action","type":"USE","result":"success","payload":{"actorId":"npc-wo45od","action":{"type":"USE"}}}
{"tick":7770,"timestamp":1775582534427,"actorId":"npc-wo45od","category":"action","type":"USE","result":"success","payload":{"actorId":"npc-wo45od","action":{"type":"USE"}}}
{"tick":7775,"timestamp":1775582534900,"actorId":"npc-wo45od","category":"action","type":"USE","result":"success","payload":{"actorId":"npc-wo45od","action":{"type":"USE"}}}
{"tick":7780,"timestamp":1775582544375,"actorId":"npc-wo45od","category":"action","type":"USE","result":"success","payload":{"actorId":"npc-wo45od","action":{"type":"USE"}}}
{"tick":224,"timestamp":1775582967470,"actorId":"MpvHyvATZ","category":"edit","type":"PLACE_STRUCTURE","result":"success","payload":{"type":"PLACE_STRUCTURE","structureType":"object.object.outdoor.인공물.bench01_01","x":3,"y":5,"width":1,"height":1,"assetKey":"object.object.outdoor.인공물.bench01_01"}}
{"tick":240,"timestamp":1775582969076,"actorId":"MpvHyvATZ","category":"edit","type":"PLACE_STRUCTURE","result":"success","payload":{"type":"PLACE_STRUCTURE","structureType":"object.object.outdoor.인공물.bench01_01","x":2,"y":7,"width":1,"height":1,"assetKey":"object.object.outdoor.인공물.bench01_01"}}
{"tick":252,"timestamp":1775582970277,"actorId":"MpvHyvATZ","category":"edit","type":"PLACE_STRUCTURE","result":"success","payload":{"type":"PLACE_STRUCTURE","structureType":"object.object.outdoor.인공물.bench02_01","x":4,"y":9,"width":1,"height":1,"assetKey":"object.object.outdoor.인공물.bench02_01"}}
{"tick":269,"timestamp":1775582971967,"actorId":"MpvHyvATZ","category":"edit","type":"PLACE_STRUCTURE","result":"success","payload":{"type":"PLACE_STRUCTURE","structureType":"object.object.outdoor.인공물.bench03_01","x":7,"y":9,"width":1,"height":1,"assetKey":"object.object.outdoor.인공물.bench03_01"}}
{"tick":653,"timestamp":1775583010491,"actorId":"player-1","category":"action","type":"MOVE","result":"success","payload":{"actorId":"player-1","action":{"type":"MOVE","dx":0,"dy":1}}}
{"tick":655,"timestamp":1775583010698,"actorId":"player-1","category":"action","type":"MOVE","result":"success","payload":{"actorId":"player-1","action":{"type":"MOVE","dx":1,"dy":0}}}
{"tick":4455,"timestamp":1775583400431,"actorId":"player-1","category":"action","type":"MOVE","result":"success","payload":{"actorId":"player-1","action":{"type":"MOVE","dx":0,"dy":1}}}
{"tick":4456,"timestamp":1775583400550,"actorId":"player-1","category":"action","type":"MOVE","result":"success","payload":{"actorId":"player-1","action":{"type":"MOVE","dx":1,"dy":0}}}
{"tick":4458,"timestamp":1775583391691,"actorId":"player-1","category":"action","type":"MOVE","result":"success","payload":{"actorId":"player-1","action":{"type":"MOVE","dx":0,"dy":1}}}
{"tick":4475,"timestamp":1775583393427,"actorId":"player-1","category":"action","type":"MOVE","result":"failed","reason":"blocked_actor","payload":{"actorId":"player-1","action":{"type":"MOVE","dx":1,"dy":0}}}
{"tick":4476,"timestamp":1775583393579,"actorId":"player-1","category":"action","type":"MOVE","result":"success","payload":{"actorId":"player-1","action":{"type":"MOVE","dx":0,"dy":1}}}
{"tick":4902,"timestamp":1775583436239,"actorId":"MpvHyvATZ","category":"edit","type":"PLACE_STRUCTURE","result":"success","payload":{"type":"PLACE_STRUCTURE","structureType":"object.object.outdoor.인공물.flowerpot01_01","x":5,"y":10,"width":1,"height":1,"assetKey":"object.object.outdoor.인공물.flowerpot01_01"}}
{"tick":4918,"timestamp":1775583437759,"actorId":"MpvHyvATZ","category":"edit","type":"PLACE_STRUCTURE","result":"success","payload":{"type":"PLACE_STRUCTURE","structureType":"object.object.outdoor.인공물.grave02","x":1,"y":11,"width":1,"height":1,"assetKey":"object.object.outdoor.인공물.grave02"}}
{"tick":4936,"timestamp":1775583439597,"actorId":"MpvHyvATZ","category":"edit","type":"PLACE_STRUCTURE","result":"success","payload":{"type":"PLACE_STRUCTURE","structureType":"object.object.outdoor.자연.cut_tree04","x":2,"y":11,"width":1,"height":1,"assetKey":"object.object.outdoor.자연.cut_tree04"}}
{"tick":5066,"timestamp":1775583452625,"actorId":"npc-1","category":"action","type":"SPEAK","result":"success","payload":{"actorId":"npc-1","action":{"type":"SPEAK","message":"안녕!"}}}
{"tick":5073,"timestamp":1775583453337,"actorId":"npc-1","category":"action","type":"USE","result":"success","payload":{"actorId":"npc-1","action":{"type":"USE"}}}
{"tick":5074,"timestamp":1775583453480,"actorId":"npc-1","category":"action","type":"USE","result":"success","payload":{"actorId":"npc-1","action":{"type":"USE"}}}
{"tick":5076,"timestamp":1775583453629,"actorId":"npc-1","category":"action","type":"USE","result":"success","payload":{"actorId":"npc-1","action":{"type":"USE"}}}
{"tick":5077,"timestamp":1775583453769,"actorId":"npc-1","category":"action","type":"USE","result":"success","payload":{"actorId":"npc-1","action":{"type":"USE"}}}
{"tick":5321,"timestamp":1775583478141,"actorId":"MpvHyvATZ","category":"edit","type":"PLACE_TILE","result":"success","payload":{"type":"PLACE_TILE","layer":"terrain","x":11,"y":5,"tileId":412}}
{"tick":5327,"timestamp":1775583478733,"actorId":"MpvHyvATZ","category":"edit","type":"PLACE_TILE","result":"success","payload":{"type":"PLACE_TILE","layer":"terrain","x":12,"y":6,"tileId":412}}
{"tick":5332,"timestamp":1775583479329,"actorId":"MpvHyvATZ","category":"edit","type":"PLACE_TILE","result":"success","payload":{"type":"PLACE_TILE","layer":"terrain","x":12,"y":5,"tileId":412}}
{"tick":5347,"timestamp":1775583480751,"actorId":"MpvHyvATZ","category":"edit","type":"PLACE_TILE","result":"success","payload":{"type":"PLACE_TILE","layer":"terrain","x":11,"y":6,"tileId":412}}
{"tick":6298,"timestamp":1775583576065,"actorId":"MpvHyvATZ","category":"edit","type":"PLACE_STRUCTURE","result":"success","payload":{"type":"PLACE_STRUCTURE","structureType":"chest","x":6,"y":6,"width":1,"height":1,"assetKey":"object.chest"}}
{"tick":6302,"timestamp":1775583576438,"actorId":"MpvHyvATZ","category":"edit","type":"PLACE_STRUCTURE","result":"success","payload":{"type":"PLACE_STRUCTURE","structureType":"chest","x":6,"y":6,"width":1,"height":1,"assetKey":"object.chest"}}
{"tick":7359,"timestamp":1775583682278,"actorId":"player-1","category":"action","type":"MOVE","result":"success","payload":{"actorId":"player-1","action":{"type":"MOVE","dx":1,"dy":0}}}
{"tick":7385,"timestamp":1775583684877,"actorId":"player-1","category":"action","type":"MOVE","result":"success","payload":{"actorId":"player-1","action":{"type":"MOVE","dx":-1,"dy":0}}}
{"tick":7387,"timestamp":1775583685127,"actorId":"player-1","category":"action","type":"MOVE","result":"success","payload":{"actorId":"player-1","action":{"type":"MOVE","dx":1,"dy":0}}}
{"tick":7392,"timestamp":1775583685629,"actorId":"player-1","category":"action","type":"MOVE","result":"success","payload":{"actorId":"player-1","action":{"type":"MOVE","dx":0,"dy":1}}}
{"tick":7395,"timestamp":1775583685909,"actorId":"player-1","category":"action","type":"MOVE","result":"success","payload":{"actorId":"player-1","action":{"type":"MOVE","dx":1,"dy":0}}}
{"tick":7401,"timestamp":1775583686502,"actorId":"player-1","category":"action","type":"MOVE","result":"success","payload":{"actorId":"player-1","action":{"type":"MOVE","dx":1,"dy":0}}}
{"tick":7404,"timestamp":1775583686829,"actorId":"player-1","category":"action","type":"MOVE","result":"success","payload":{"actorId":"player-1","action":{"type":"MOVE","dx":1,"dy":0}}}
{"tick":7406,"timestamp":1775583695980,"actorId":"player-1","category":"action","type":"MOVE","result":"success","payload":{"actorId":"player-1","action":{"type":"MOVE","dx":1,"dy":0}}}
{"tick":7408,"timestamp":1775583687182,"actorId":"player-1","category":"action","type":"MOVE","result":"success","payload":{"actorId":"player-1","action":{"type":"MOVE","dx":1,"dy":0}}}
{"tick":7410,"timestamp":1775583687366,"actorId":"player-1","category":"action","type":"MOVE","result":"success","payload":{"actorId":"player-1","action":{"type":"MOVE","dx":1,"dy":0}}}
{"tick":7411,"timestamp":1775583687550,"actorId":"player-1","category":"action","type":"MOVE","result":"success","payload":{"actorId":"player-1","action":{"type":"MOVE","dx":1,"dy":0}}}
{"tick":7413,"timestamp":1775583687727,"actorId":"player-1","category":"action","type":"MOVE","result":"success","payload":{"actorId":"player-1","action":{"type":"MOVE","dx":1,"dy":0}}}
{"tick":7415,"timestamp":1775583687902,"actorId":"player-1","category":"action","type":"MOVE","result":"success","payload":{"actorId":"player-1","action":{"type":"MOVE","dx":1,"dy":0}}}
{"tick":7417,"timestamp":1775583688091,"actorId":"player-1","category":"action","type":"MOVE","result":"success","payload":{"actorId":"player-1","action":{"type":"MOVE","dx":1,"dy":0}}}
{"tick":7418,"timestamp":1775583688254,"actorId":"player-1","category":"action","type":"MOVE","result":"success","payload":{"actorId":"player-1","action":{"type":"MOVE","dx":1,"dy":0}}}
{"tick":7420,"timestamp":1775583688454,"actorId":"player-1","category":"action","type":"MOVE","result":"success","payload":{"actorId":"player-1","action":{"type":"MOVE","dx":1,"dy":0}}}
{"tick":8173,"timestamp":1775583763849,"actorId":"player-1","category":"action","type":"MOVE","result":"success","payload":{"actorId":"player-1","action":{"type":"MOVE","dx":1,"dy":0}}}
{"tick":8182,"timestamp":1775583764672,"actorId":"player-1","category":"action","type":"MOVE","result":"success","payload":{"actorId":"player-1","action":{"type":"MOVE","dx":1,"dy":0}}}
{"tick":8190,"timestamp":1775583765488,"actorId":"player-1","category":"action","type":"MOVE","result":"success","payload":{"actorId":"player-1","action":{"type":"MOVE","dx":1,"dy":0}}}
{"tick":8198,"timestamp":1775583766280,"actorId":"player-1","category":"action","type":"MOVE","result":"success","payload":{"actorId":"player-1","action":{"type":"MOVE","dx":0,"dy":1}}}
{"tick":8205,"timestamp":1775583775971,"actorId":"player-1","category":"action","type":"MOVE","result":"success","payload":{"actorId":"player-1","action":{"type":"MOVE","dx":-1,"dy":0}}}
{"tick":8214,"timestamp":1775583767935,"actorId":"player-1","category":"action","type":"MOVE","result":"success","payload":{"actorId":"player-1","action":{"type":"MOVE","dx":-1,"dy":0}}}
{"tick":8221,"timestamp":1775583768615,"actorId":"player-1","category":"action","type":"MOVE","result":"success","payload":{"actorId":"player-1","action":{"type":"MOVE","dx":-1,"dy":0}}}
{"tick":8234,"timestamp":1775583769943,"actorId":"player-1","category":"action","type":"MOVE","result":"success","payload":{"actorId":"player-1","action":{"type":"MOVE","dx":-1,"dy":0}}}
{"tick":8239,"timestamp":1775583770448,"actorId":"player-1","category":"action","type":"MOVE","result":"success","payload":{"actorId":"player-1","action":{"type":"MOVE","dx":-1,"dy":0}}}
{"tick":8263,"timestamp":1775583772819,"actorId":"player-1","category":"action","type":"MOVE","result":"success","payload":{"actorId":"player-1","action":{"type":"MOVE","dx":0,"dy":1}}}
{"tick":8268,"timestamp":1775583773272,"actorId":"player-1","category":"action","type":"MOVE","result":"success","payload":{"actorId":"player-1","action":{"type":"MOVE","dx":-1,"dy":0}}}
{"tick":8270,"timestamp":1775583773473,"actorId":"player-1","category":"action","type":"MOVE","result":"success","payload":{"actorId":"player-1","action":{"type":"MOVE","dx":-1,"dy":0}}}
{"tick":8271,"timestamp":1775583773641,"actorId":"player-1","category":"action","type":"MOVE","result":"success","payload":{"actorId":"player-1","action":{"type":"MOVE","dx":-1,"dy":0}}}
{"tick":8273,"timestamp":1775583773833,"actorId":"player-1","category":"action","type":"MOVE","result":"success","payload":{"actorId":"player-1","action":{"type":"MOVE","dx":-1,"dy":0}}}
{"tick":8275,"timestamp":1775583774065,"actorId":"player-1","category":"action","type":"MOVE","result":"success","payload":{"actorId":"player-1","action":{"type":"MOVE","dx":-1,"dy":0}}}
{"tick":8290,"timestamp":1775583775497,"actorId":"player-1","category":"action","type":"MOVE","result":"success","payload":{"actorId":"player-1","action":{"type":"MOVE","dx":0,"dy":1}}}
{"tick":8301,"timestamp":1775583776665,"actorId":"player-1","category":"action","type":"MOVE","result":"success","payload":{"actorId":"player-1","action":{"type":"MOVE","dx":-1,"dy":0}}}
{"tick":8311,"timestamp":1775583777622,"actorId":"player-1","category":"action","type":"MOVE","result":"success","payload":{"actorId":"player-1","action":{"type":"MOVE","dx":-1,"dy":0}}}
{"tick":8344,"timestamp":1775583780974,"actorId":"player-1","category":"action","type":"MOVE","result":"success","payload":{"actorId":"player-1","action":{"type":"MOVE","dx":0,"dy":1}}}
{"tick":8350,"timestamp":1775583781527,"actorId":"player-1","category":"action","type":"MOVE","result":"success","payload":{"actorId":"player-1","action":{"type":"MOVE","dx":-1,"dy":0}}}
{"tick":8355,"timestamp":1775583791051,"actorId":"player-1","category":"action","type":"MOVE","result":"success","payload":{"actorId":"player-1","action":{"type":"MOVE","dx":-1,"dy":0}}}
{"tick":8357,"timestamp":1775583782226,"actorId":"player-1","category":"action","type":"MOVE","result":"success","payload":{"actorId":"player-1","action":{"type":"MOVE","dx":-1,"dy":0}}}
{"tick":8359,"timestamp":1775583782432,"actorId":"player-1","category":"action","type":"MOVE","result":"success","payload":{"actorId":"player-1","action":{"type":"MOVE","dx":-1,"dy":0}}}
{"tick":8361,"timestamp":1775583782600,"actorId":"player-1","category":"action","type":"MOVE","result":"success","payload":{"actorId":"player-1","action":{"type":"MOVE","dx":-1,"dy":0}}}
{"tick":8364,"timestamp":1775583782968,"actorId":"player-1","category":"action","type":"MOVE","result":"success","payload":{"actorId":"player-1","action":{"type":"MOVE","dx":-1,"dy":0}}}
{"tick":8639,"timestamp":1775583809931,"actorId":"player-1","category":"action","type":"MOVE","result":"success","payload":{"actorId":"player-1","action":{"type":"MOVE","dx":1,"dy":0}}}
{"tick":8647,"timestamp":1775583810763,"actorId":"player-1","category":"action","type":"MOVE","result":"success","payload":{"actorId":"player-1","action":{"type":"MOVE","dx":1,"dy":0}}}
{"tick":109,"timestamp":1775585196138,"actorId":"player-1","category":"action","type":"MOVE","result":"success","payload":{"actorId":"player-1","action":{"type":"MOVE","dx":1,"dy":0}}}
{"tick":110,"timestamp":1775585196302,"actorId":"player-1","category":"action","type":"MOVE","result":"success","payload":{"actorId":"player-1","action":{"type":"MOVE","dx":1,"dy":0}}}
{"tick":113,"timestamp":1775585196536,"actorId":"player-1","category":"action","type":"MOVE","result":"success","payload":{"actorId":"player-1","action":{"type":"MOVE","dx":0,"dy":1}}}
{"tick":114,"timestamp":1775585196703,"actorId":"player-1","category":"action","type":"MOVE","result":"success","payload":{"actorId":"player-1","action":{"type":"MOVE","dx":0,"dy":1}}}
{"tick":116,"timestamp":1775585196869,"actorId":"player-1","category":"action","type":"MOVE","result":"success","payload":{"actorId":"player-1","action":{"type":"MOVE","dx":0,"dy":1}}}
{"tick":118,"timestamp":1775585197036,"actorId":"player-1","category":"action","type":"MOVE","result":"success","payload":{"actorId":"player-1","action":{"type":"MOVE","dx":1,"dy":1}}}
{"tick":119,"timestamp":1775585197203,"actorId":"player-1","category":"action","type":"MOVE","result":"success","payload":{"actorId":"player-1","action":{"type":"MOVE","dx":1,"dy":1}}}
{"tick":121,"timestamp":1775585197370,"actorId":"player-1","category":"action","type":"MOVE","result":"success","payload":{"actorId":"player-1","action":{"type":"MOVE","dx":1,"dy":0}}}
{"tick":123,"timestamp":1775585197537,"actorId":"player-1","category":"action","type":"MOVE","result":"failed","reason":"blocked_actor","payload":{"actorId":"player-1","action":{"type":"MOVE","dx":1,"dy":-1}}}
{"tick":124,"timestamp":1775585197703,"actorId":"player-1","category":"action","type":"MOVE","result":"failed","reason":"blocked_actor","payload":{"actorId":"player-1","action":{"type":"MOVE","dx":1,"dy":-1}}}
{"tick":126,"timestamp":1775585197870,"actorId":"player-1","category":"action","type":"MOVE","result":"failed","reason":"blocked_actor","payload":{"actorId":"player-1","action":{"type":"MOVE","dx":1,"dy":-1}}}
{"tick":128,"timestamp":1775585198037,"actorId":"player-1","category":"action","type":"MOVE","result":"failed","reason":"blocked_actor","payload":{"actorId":"player-1","action":{"type":"MOVE","dx":1,"dy":-1}}}
{"tick":129,"timestamp":1775585198204,"actorId":"player-1","category":"action","type":"MOVE","result":"failed","reason":"blocked_actor","payload":{"actorId":"player-1","action":{"type":"MOVE","dx":1,"dy":-1}}}
{"tick":131,"timestamp":1775585198370,"actorId":"player-1","category":"action","type":"MOVE","result":"success","payload":{"actorId":"player-1","action":{"type":"MOVE","dx":0,"dy":-1}}}
{"tick":133,"timestamp":1775585198537,"actorId":"player-1","category":"action","type":"MOVE","result":"success","payload":{"actorId":"player-1","action":{"type":"MOVE","dx":0,"dy":-1}}}
{"tick":134,"timestamp":1775585198704,"actorId":"player-1","category":"action","type":"MOVE","result":"success","payload":{"actorId":"player-1","action":{"type":"MOVE","dx":0,"dy":-1}}}
{"tick":136,"timestamp":1775585207829,"actorId":"player-1","category":"action","type":"MOVE","result":"success","payload":{"actorId":"player-1","action":{"type":"MOVE","dx":0,"dy":-1}}}
{"tick":138,"timestamp":1775585207996,"actorId":"player-1","category":"action","type":"MOVE","result":"success","payload":{"actorId":"player-1","action":{"type":"MOVE","dx":0,"dy":-1}}}
{"tick":139,"timestamp":1775585199206,"actorId":"player-1","category":"action","type":"MOVE","result":"success","payload":{"actorId":"player-1","action":{"type":"MOVE","dx":0,"dy":-1}}}
{"tick":146,"timestamp":1775585199873,"actorId":"player-1","category":"action","type":"MOVE","result":"success","payload":{"actorId":"player-1","action":{"type":"MOVE","dx":1,"dy":0}}}
{"tick":148,"timestamp":1775585200040,"actorId":"player-1","category":"action","type":"MOVE","result":"success","payload":{"actorId":"player-1","action":{"type":"MOVE","dx":1,"dy":0}}}
{"tick":149,"timestamp":1775585200207,"actorId":"player-1","category":"action","type":"MOVE","result":"success","payload":{"actorId":"player-1","action":{"type":"MOVE","dx":1,"dy":0}}}
{"tick":160,"timestamp":1775585201240,"actorId":"player-1","category":"action","type":"MOVE","result":"success","payload":{"actorId":"player-1","action":{"type":"MOVE","dx":1,"dy":0}}}
{"tick":171,"timestamp":1775585202348,"actorId":"player-1","category":"action","type":"MOVE","result":"success","payload":{"actorId":"player-1","action":{"type":"MOVE","dx":-1,"dy":0}}}
{"tick":259,"timestamp":1775585211156,"actorId":"player-1","category":"action","type":"MOVE","result":"success","payload":{"actorId":"player-1","action":{"type":"MOVE","dx":-1,"dy":0}}}
{"tick":302,"timestamp":1775585215538,"actorId":"player-1","category":"action","type":"MOVE","result":"success","payload":{"actorId":"player-1","action":{"type":"MOVE","dx":0,"dy":1}}}
{"tick":307,"timestamp":1775585216005,"actorId":"player-1","category":"action","type":"MOVE","result":"success","payload":{"actorId":"player-1","action":{"type":"MOVE","dx":0,"dy":1}}}
{"tick":309,"timestamp":1775585216172,"actorId":"player-1","category":"action","type":"MOVE","result":"success","payload":{"actorId":"player-1","action":{"type":"MOVE","dx":0,"dy":1}}}
{"tick":310,"timestamp":1775585216339,"actorId":"player-1","category":"action","type":"MOVE","result":"success","payload":{"actorId":"player-1","action":{"type":"MOVE","dx":0,"dy":1}}}
{"tick":320,"timestamp":1775585217306,"actorId":"player-1","category":"action","type":"MOVE","result":"success","payload":{"actorId":"player-1","action":{"type":"MOVE","dx":0,"dy":1}}}
{"tick":332,"timestamp":1775585218507,"actorId":"player-1","category":"action","type":"MOVE","result":"failed","reason":"blocked_actor","payload":{"actorId":"player-1","action":{"type":"MOVE","dx":-1,"dy":0}}}
{"tick":342,"timestamp":1775585219524,"actorId":"player-1","category":"action","type":"MOVE","result":"failed","reason":"blocked_actor","payload":{"actorId":"player-1","action":{"type":"MOVE","dx":-1,"dy":0}}}
{"tick":344,"timestamp":1775585219690,"actorId":"player-1","category":"action","type":"MOVE","result":"failed","reason":"blocked_actor","payload":{"actorId":"player-1","action":{"type":"MOVE","dx":-1,"dy":0}}}
{"tick":347,"timestamp":1775585219974,"actorId":"player-1","category":"action","type":"ATTACK","result":"success","payload":{"actorId":"player-1","action":{"type":"ATTACK","targetId":"animal-1"}}}
{"tick":353,"timestamp":1775585220558,"actorId":"player-1","category":"action","type":"ATTACK","result":"success","payload":{"actorId":"player-1","action":{"type":"ATTACK","targetId":"animal-1"}}}
{"tick":358,"timestamp":1775585221109,"actorId":"player-1","category":"action","type":"ATTACK","result":"success","payload":{"actorId":"player-1","action":{"type":"ATTACK","targetId":"animal-1"}}}
{"tick":366,"timestamp":1775585221943,"actorId":"player-1","category":"action","type":"MOVE","result":"failed","reason":"blocked_actor","payload":{"actorId":"player-1","action":{"type":"MOVE","dx":-1,"dy":0}}}
{"tick":368,"timestamp":1775585222109,"actorId":"player-1","category":"action","type":"ATTACK","result":"success","payload":{"actorId":"player-1","action":{"type":"ATTACK","targetId":"animal-1"}}}
{"tick":372,"timestamp":1775585222476,"actorId":"player-1","category":"action","type":"ATTACK","result":"success","payload":{"actorId":"player-1","action":{"type":"ATTACK","targetId":"animal-1"}}}
{"tick":374,"timestamp":1775585222710,"actorId":"player-1","category":"action","type":"ATTACK","result":"success","payload":{"actorId":"player-1","action":{"type":"ATTACK","targetId":"animal-1"}}}
{"tick":376,"timestamp":1775585222910,"actorId":"player-1","category":"action","type":"ATTACK","result":"success","payload":{"actorId":"player-1","action":{"type":"ATTACK","targetId":"animal-1"}}}
{"tick":380,"timestamp":1775585223294,"actorId":"player-1","category":"action","type":"ATTACK","result":"success","payload":{"actorId":"player-1","action":{"type":"ATTACK","targetId":"animal-1"}}}
{"tick":385,"timestamp":1775585223811,"actorId":"player-1","category":"action","type":"ATTACK","result":"success","payload":{"actorId":"player-1","action":{"type":"ATTACK","targetId":"animal-1"}}}
{"tick":388,"timestamp":1775585224130,"actorId":"player-1","category":"action","type":"ATTACK","result":"success","payload":{"actorId":"player-1","action":{"type":"ATTACK","targetId":"animal-1"}}}
{"tick":391,"timestamp":1775585224380,"actorId":"player-1","category":"action","type":"ATTACK","result":"success","payload":{"actorId":"player-1","action":{"type":"ATTACK","targetId":"animal-1"}}}
{"tick":417,"timestamp":1775585227032,"actorId":"player-1","category":"action","type":"MOVE","result":"success","payload":{"actorId":"player-1","action":{"type":"MOVE","dx":-1,"dy":0}}}
{"tick":419,"timestamp":1775585227199,"actorId":"player-1","category":"action","type":"MOVE","result":"success","payload":{"actorId":"player-1","action":{"type":"MOVE","dx":-1,"dy":0}}}
{"tick":422,"timestamp":1775585227549,"actorId":"player-1","category":"action","type":"MOVE","result":"success","payload":{"actorId":"player-1","action":{"type":"MOVE","dx":-1,"dy":0}}}
{"tick":429,"timestamp":1775585228183,"actorId":"player-1","category":"action","type":"MOVE","result":"success","payload":{"actorId":"player-1","action":{"type":"MOVE","dx":-1,"dy":0}}}
{"tick":446,"timestamp":1775585229880,"actorId":"player-1","category":"action","type":"MOVE","result":"success","payload":{"actorId":"player-1","action":{"type":"MOVE","dx":0,"dy":1}}}
{"tick":452,"timestamp":1775585230531,"actorId":"player-1","category":"action","type":"MOVE","result":"success","payload":{"actorId":"player-1","action":{"type":"MOVE","dx":1,"dy":0}}}
{"tick":463,"timestamp":1775585231632,"actorId":"player-1","category":"action","type":"MOVE","result":"success","payload":{"actorId":"player-1","action":{"type":"MOVE","dx":1,"dy":0}}}
{"tick":567,"timestamp":1775585242026,"actorId":"player-1","category":"action","type":"MOVE","result":"success","payload":{"actorId":"player-1","action":{"type":"MOVE","dx":1,"dy":0}}}
{"tick":572,"timestamp":1775585242526,"actorId":"player-1","category":"action","type":"MOVE","result":"success","payload":{"actorId":"player-1","action":{"type":"MOVE","dx":1,"dy":0}}}
{"tick":574,"timestamp":1775585242693,"actorId":"player-1","category":"action","type":"MOVE","result":"success","payload":{"actorId":"player-1","action":{"type":"MOVE","dx":1,"dy":0}}}
{"tick":580,"timestamp":1775585243294,"actorId":"player-1","category":"action","type":"MOVE","result":"success","payload":{"actorId":"player-1","action":{"type":"MOVE","dx":1,"dy":0}}}
{"tick":595,"timestamp":1775585244828,"actorId":"player-1","category":"action","type":"MOVE","result":"success","payload":{"actorId":"player-1","action":{"type":"MOVE","dx":1,"dy":0}}}
{"tick":652,"timestamp":1775585250555,"actorId":"player-1","category":"action","type":"MOVE","result":"success","payload":{"actorId":"player-1","action":{"type":"MOVE","dx":-1,"dy":0}}}
{"tick":661,"timestamp":1775585251490,"actorId":"player-1","category":"action","type":"MOVE","result":"success","payload":{"actorId":"player-1","action":{"type":"MOVE","dx":-1,"dy":0}}}
{"tick":671,"timestamp":1775585252440,"actorId":"player-1","category":"action","type":"MOVE","result":"success","payload":{"actorId":"player-1","action":{"type":"MOVE","dx":-1,"dy":0}}}
{"tick":781,"timestamp":1775585263463,"actorId":"player-1","category":"action","type":"MOVE","result":"success","payload":{"actorId":"player-1","action":{"type":"MOVE","dx":1,"dy":0}}}
{"tick":783,"timestamp":1775585263630,"actorId":"player-1","category":"action","type":"MOVE","result":"success","payload":{"actorId":"player-1","action":{"type":"MOVE","dx":1,"dy":0}}}
{"tick":784,"timestamp":1775585263797,"actorId":"player-1","category":"action","type":"MOVE","result":"success","payload":{"actorId":"player-1","action":{"type":"MOVE","dx":1,"dy":0}}}
{"tick":786,"timestamp":1775585272915,"actorId":"player-1","category":"action","type":"MOVE","result":"success","payload":{"actorId":"player-1","action":{"type":"MOVE","dx":1,"dy":0}}}
{"tick":788,"timestamp":1775585273082,"actorId":"player-1","category":"action","type":"MOVE","result":"success","payload":{"actorId":"player-1","action":{"type":"MOVE","dx":1,"dy":0}}}
{"tick":789,"timestamp":1775585264293,"actorId":"player-1","category":"action","type":"MOVE","result":"success","payload":{"actorId":"player-1","action":{"type":"MOVE","dx":1,"dy":0}}}
{"tick":791,"timestamp":1775585264460,"actorId":"player-1","category":"action","type":"MOVE","result":"success","payload":{"actorId":"player-1","action":{"type":"MOVE","dx":1,"dy":0}}}
{"tick":793,"timestamp":1775585264627,"actorId":"player-1","category":"action","type":"MOVE","result":"success","payload":{"actorId":"player-1","action":{"type":"MOVE","dx":1,"dy":0}}}
{"tick":794,"timestamp":1775585264794,"actorId":"player-1","category":"action","type":"MOVE","result":"success","payload":{"actorId":"player-1","action":{"type":"MOVE","dx":1,"dy":0}}}
{"tick":796,"timestamp":1775585264960,"actorId":"player-1","category":"action","type":"MOVE","result":"success","payload":{"actorId":"player-1","action":{"type":"MOVE","dx":1,"dy":0}}}
{"tick":798,"timestamp":1775585265127,"actorId":"player-1","category":"action","type":"MOVE","result":"success","payload":{"actorId":"player-1","action":{"type":"MOVE","dx":1,"dy":0}}}
{"tick":799,"timestamp":1775585265294,"actorId":"player-1","category":"action","type":"MOVE","result":"success","payload":{"actorId":"player-1","action":{"type":"MOVE","dx":1,"dy":0}}}
{"tick":801,"timestamp":1775585265461,"actorId":"player-1","category":"action","type":"MOVE","result":"success","payload":{"actorId":"player-1","action":{"type":"MOVE","dx":1,"dy":0}}}
{"tick":803,"timestamp":1775585265627,"actorId":"player-1","category":"action","type":"MOVE","result":"failed","reason":"blocked_tile","payload":{"actorId":"player-1","action":{"type":"MOVE","dx":1,"dy":0}}}
{"tick":804,"timestamp":1775585265794,"actorId":"player-1","category":"action","type":"MOVE","result":"failed","reason":"blocked_tile","payload":{"actorId":"player-1","action":{"type":"MOVE","dx":1,"dy":0}}}
{"tick":806,"timestamp":1775585265961,"actorId":"player-1","category":"action","type":"MOVE","result":"failed","reason":"blocked_tile","payload":{"actorId":"player-1","action":{"type":"MOVE","dx":1,"dy":0}}}
{"tick":808,"timestamp":1775585266128,"actorId":"player-1","category":"action","type":"MOVE","result":"success","payload":{"actorId":"player-1","action":{"type":"MOVE","dx":-1,"dy":0}}}
{"tick":809,"timestamp":1775585266295,"actorId":"player-1","category":"action","type":"MOVE","result":"success","payload":{"actorId":"player-1","action":{"type":"MOVE","dx":-1,"dy":0}}}
{"tick":811,"timestamp":1775585266462,"actorId":"player-1","category":"action","type":"MOVE","result":"success","payload":{"actorId":"player-1","action":{"type":"MOVE","dx":-1,"dy":0}}}
{"tick":813,"timestamp":1775585266628,"actorId":"player-1","category":"action","type":"MOVE","result":"success","payload":{"actorId":"player-1","action":{"type":"MOVE","dx":-1,"dy":0}}}
{"tick":814,"timestamp":1775585266795,"actorId":"player-1","category":"action","type":"MOVE","result":"success","payload":{"actorId":"player-1","action":{"type":"MOVE","dx":-1,"dy":0}}}
{"tick":816,"timestamp":1775585266962,"actorId":"player-1","category":"action","type":"MOVE","result":"success","payload":{"actorId":"player-1","action":{"type":"MOVE","dx":-1,"dy":0}}}
{"tick":818,"timestamp":1775585267129,"actorId":"player-1","category":"action","type":"MOVE","result":"success","payload":{"actorId":"player-1","action":{"type":"MOVE","dx":-1,"dy":0}}}
{"tick":819,"timestamp":1775585267296,"actorId":"player-1","category":"action","type":"MOVE","result":"success","payload":{"actorId":"player-1","action":{"type":"MOVE","dx":-1,"dy":0}}}
{"tick":821,"timestamp":1775585267463,"actorId":"player-1","category":"action","type":"MOVE","result":"success","payload":{"actorId":"player-1","action":{"type":"MOVE","dx":-1,"dy":0}}}
{"tick":823,"timestamp":1775585267629,"actorId":"player-1","category":"action","type":"MOVE","result":"success","payload":{"actorId":"player-1","action":{"type":"MOVE","dx":-1,"dy":0}}}
{"tick":824,"timestamp":1775585267796,"actorId":"player-1","category":"action","type":"MOVE","result":"success","payload":{"actorId":"player-1","action":{"type":"MOVE","dx":-1,"dy":0}}}
{"tick":826,"timestamp":1775585267963,"actorId":"player-1","category":"action","type":"MOVE","result":"success","payload":{"actorId":"player-1","action":{"type":"MOVE","dx":-1,"dy":0}}}
{"tick":828,"timestamp":1775585268130,"actorId":"player-1","category":"action","type":"MOVE","result":"success","payload":{"actorId":"player-1","action":{"type":"MOVE","dx":-1,"dy":0}}}
{"tick":829,"timestamp":1775585268296,"actorId":"player-1","category":"action","type":"MOVE","result":"success","payload":{"actorId":"player-1","action":{"type":"MOVE","dx":-1,"dy":0}}}
{"tick":831,"timestamp":1775585268463,"actorId":"player-1","category":"action","type":"MOVE","result":"success","payload":{"actorId":"player-1","action":{"type":"MOVE","dx":-1,"dy":0}}}
{"tick":833,"timestamp":1775585268630,"actorId":"player-1","category":"action","type":"MOVE","result":"success","payload":{"actorId":"player-1","action":{"type":"MOVE","dx":-1,"dy":0}}}
{"tick":834,"timestamp":1775585268797,"actorId":"player-1","category":"action","type":"MOVE","result":"success","payload":{"actorId":"player-1","action":{"type":"MOVE","dx":-1,"dy":0}}}
{"tick":836,"timestamp":1775585277919,"actorId":"player-1","category":"action","type":"MOVE","result":"success","payload":{"actorId":"player-1","action":{"type":"MOVE","dx":-1,"dy":0}}}
